[ERROR] Error: 
18/5/2019 3:15:00 pm  ReferenceError: db is not defined
    at Object.insert_trads (/var/www/html/projects/work/testing/lib/categories.js:76:3)
    at /var/www/html/projects/work/testing/lib/route.js:85:31
    at Layer.handle [as handle_request] (/var/www/html/projects/work/testing/node_modules/express/lib/router/layer.js:95:5)
    at next (/var/www/html/projects/work/testing/node_modules/express/lib/router/route.js:137:13)
    at Route.dispatch (/var/www/html/projects/work/testing/node_modules/express/lib/router/route.js:112:3)
    at Layer.handle [as handle_request] (/var/www/html/projects/work/testing/node_modules/express/lib/router/layer.js:95:5)
    at /var/www/html/projects/work/testing/node_modules/express/lib/router/index.js:281:22
    at Function.process_params (/var/www/html/projects/work/testing/node_modules/express/lib/router/index.js:335:12)
    at next (/var/www/html/projects/work/testing/node_modules/express/lib/router/index.js:275:10)
    at next (/var/www/html/projects/work/testing/node_modules/express/lib/router/route.js:127:14)
    at /var/www/html/projects/work/testing/lib/route.js:5:5
    at Layer.handle [as handle_request] (/var/www/html/projects/work/testing/node_modules/express/lib/router/layer.js:95:5)
    at next (/var/www/html/projects/work/testing/node_modules/express/lib/router/route.js:137:13)
    at Route.dispatch (/var/www/html/projects/work/testing/node_modules/express/lib/router/route.js:112:3)
    at Layer.handle [as handle_request] (/var/www/html/projects/work/testing/node_modules/express/lib/router/layer.js:95:5)
    at /var/www/html/projects/work/testing/node_modules/express/lib/router/index.js:281:22
    at param (/var/www/html/projects/work/testing/node_modules/express/lib/router/index.js:354:14)
    at param (/var/www/html/projects/work/testing/node_modules/express/lib/router/index.js:365:14)
    at Function.process_params (/var/www/html/projects/work/testing/node_modules/express/lib/router/index.js:410:3)
    at next (/var/www/html/projects/work/testing/node_modules/express/lib/router/index.js:275:10)
    at Layer.handle [as handle_request] (/var/www/html/projects/work/testing/node_modules/express/lib/router/layer.js:91:12)
    at trim_prefix (/var/www/html/projects/work/testing/node_modules/express/lib/router/index.js:317:13)
    at /var/www/html/projects/work/testing/node_modules/express/lib/router/index.js:284:7
    at Function.process_params (/var/www/html/projects/work/testing/node_modules/express/lib/router/index.js:335:12)
    at next (/var/www/html/projects/work/testing/node_modules/express/lib/router/index.js:275:10)
    at Layer.handle [as handle_request] (/var/www/html/projects/work/testing/node_modules/express/lib/router/layer.js:91:12)
    at trim_prefix (/var/www/html/projects/work/testing/node_modules/express/lib/router/index.js:317:13)
    at /var/www/html/projects/work/testing/node_modules/express/lib/router/index.js:284:7
[ERROR] Error: 
18/5/2019 3:26:11 pm  ReferenceError: db is not defined
    at Object.insert_trads (/var/www/html/projects/work/testing/lib/categories.js:96:3)
    at /var/www/html/projects/work/testing/lib/route.js:85:31
    at Layer.handle [as handle_request] (/var/www/html/projects/work/testing/node_modules/express/lib/router/layer.js:95:5)
    at next (/var/www/html/projects/work/testing/node_modules/express/lib/router/route.js:137:13)
    at Route.dispatch (/var/www/html/projects/work/testing/node_modules/express/lib/router/route.js:112:3)
    at Layer.handle [as handle_request] (/var/www/html/projects/work/testing/node_modules/express/lib/router/layer.js:95:5)
    at /var/www/html/projects/work/testing/node_modules/express/lib/router/index.js:281:22
    at Function.process_params (/var/www/html/projects/work/testing/node_modules/express/lib/router/index.js:335:12)
    at next (/var/www/html/projects/work/testing/node_modules/express/lib/router/index.js:275:10)
    at next (/var/www/html/projects/work/testing/node_modules/express/lib/router/route.js:127:14)
    at /var/www/html/projects/work/testing/lib/route.js:5:5
    at Layer.handle [as handle_request] (/var/www/html/projects/work/testing/node_modules/express/lib/router/layer.js:95:5)
    at next (/var/www/html/projects/work/testing/node_modules/express/lib/router/route.js:137:13)
    at Route.dispatch (/var/www/html/projects/work/testing/node_modules/express/lib/router/route.js:112:3)
    at Layer.handle [as handle_request] (/var/www/html/projects/work/testing/node_modules/express/lib/router/layer.js:95:5)
    at /var/www/html/projects/work/testing/node_modules/express/lib/router/index.js:281:22
    at param (/var/www/html/projects/work/testing/node_modules/express/lib/router/index.js:354:14)
    at param (/var/www/html/projects/work/testing/node_modules/express/lib/router/index.js:365:14)
    at Function.process_params (/var/www/html/projects/work/testing/node_modules/express/lib/router/index.js:410:3)
    at next (/var/www/html/projects/work/testing/node_modules/express/lib/router/index.js:275:10)
    at Layer.handle [as handle_request] (/var/www/html/projects/work/testing/node_modules/express/lib/router/layer.js:91:12)
    at trim_prefix (/var/www/html/projects/work/testing/node_modules/express/lib/router/index.js:317:13)
    at /var/www/html/projects/work/testing/node_modules/express/lib/router/index.js:284:7
    at Function.process_params (/var/www/html/projects/work/testing/node_modules/express/lib/router/index.js:335:12)
    at next (/var/www/html/projects/work/testing/node_modules/express/lib/router/index.js:275:10)
    at Layer.handle [as handle_request] (/var/www/html/projects/work/testing/node_modules/express/lib/router/layer.js:91:12)
    at trim_prefix (/var/www/html/projects/work/testing/node_modules/express/lib/router/index.js:317:13)
    at /var/www/html/projects/work/testing/node_modules/express/lib/router/index.js:284:7
